/usr/sbin/mysqld, Version: 8.0.31 (MySQL Community Server - GPL). started with:
Tcp port: 3306  Unix socket: /var/run/mysqld/mysqld.sock
Time                 Id Command    Argument
/usr/sbin/mysqld, Version: 8.0.31 (MySQL Community Server - GPL). started with:
Tcp port: 3306  Unix socket: /var/run/mysqld/mysqld.sock
Time                 Id Command    Argument
/usr/sbin/mysqld, Version: 8.0.31 (MySQL Community Server - GPL). started with:
Tcp port: 3306  Unix socket: /var/run/mysqld/mysqld.sock
Time                 Id Command    Argument
# Time: 2022-10-27T11:44:43.666138Z
# User@Host: root[root] @ localhost []  Id:     8
# Query_time: 2.224335  Lock_time: 0.000105 Rows_sent: 0  Rows_examined: 0
use bitrix;
SET timestamp=1666871081;
CREATE TABLE Projects (id int(11) NOT NULL,
  name varchar(255) DEFAULT NULL,
  code varchar(255) DEFAULT NULL,
  PRIMARY KEY (id));
/usr/sbin/mysqld, Version: 8.0.31 (MySQL Community Server - GPL). started with:
Tcp port: 3306  Unix socket: /var/run/mysqld/mysqld.sock
Time                 Id Command    Argument
/usr/sbin/mysqld, Version: 8.0.31 (MySQL Community Server - GPL). started with:
Tcp port: 3306  Unix socket: /var/run/mysqld/mysqld.sock
Time                 Id Command    Argument
